<?xml version="1.0" encoding="UTF-8"?>
<testsuites>
  <testsuite name="Ebay product search" timestamp="2021-05-13T09:53:09" time="6.616" tests="1" failures="0" errors="0" skipped="0">
    <properties>
      <property name="specId" value="0"/>
      <property name="suiteName" value="Ebay product search"/>
      <property name="capabilities" value="chrome.90_0_4430_72.windows"/>
      <property name="file" value=".\test\specs\urlTest.js"/>
    </properties>
    <testcase classname="chrome.90_0_4430_72.windows.Ebay product search" name="Open the url and verify the title" time="6.587">
      <system-out><![CDATA[
COMMAND: POST /session/213d318f27496aab8e301d4726557d08bfe18293/url - {"url":"https://www.ebay.com/"}
RESULT: {"url":"https://www.ebay.com/"}
COMMAND: GET /session/213d318f27496aab8e301d4726557d08bfe18293/title - {}
RESULT: {}
COMMAND: DELETE /session/213d318f27496aab8e301d4726557d08bfe18293 - {}
RESULT: {}
]]></system-out>
    </testcase>
  </testsuite>
</testsuites>