<?xml version="1.0" encoding="UTF-8"?>
<testsuites>
  <testsuite name="search watches page" timestamp="2021-05-13T09:53:08" time="9.64" tests="4" failures="0" errors="0" skipped="0">
    <properties>
      <property name="specId" value="0"/>
      <property name="suiteName" value="search watches page"/>
      <property name="capabilities" value="chrome.90_0_4430_72.windows"/>
      <property name="file" value=".\test\specs\eBayWatchesSearch.js"/>
    </properties>
    <testcase classname="chrome.90_0_4430_72.windows.search watches page" name="Should show watch banner" time="1.587">
      <system-out><![CDATA[
COMMAND: POST /session/d3ba9af364089e51ab1bc326da4a3f992c11f26f/element - {"using":"css selector","value":"section.b-module.b-promobanner.clearfix._FCF2BD5C1B05.d1img70"}
RESULT: {"using":"css selector","value":"section.b-module.b-promobanner.clearfix._FCF2BD5C1B05.d1img70"}
COMMAND: GET /session/d3ba9af364089e51ab1bc326da4a3f992c11f26f/element/3/displayed - {}
RESULT: {}
]]></system-out>
    </testcase>
    <testcase classname="chrome.90_0_4430_72.windows.search watches page" name="verifying banner title" time="0.234">
      <system-out><![CDATA[
COMMAND: POST /session/d3ba9af364089e51ab1bc326da4a3f992c11f26f/element - {"using":"css selector","value":"._FCF2BD5C1B05 .b-promobanner__info-title"}
RESULT: {"using":"css selector","value":"._FCF2BD5C1B05 .b-promobanner__info-title"}
COMMAND: GET /session/d3ba9af364089e51ab1bc326da4a3f992c11f26f/element/4/text - {}
RESULT: {}
]]></system-out>
    </testcase>
    <testcase classname="chrome.90_0_4430_72.windows.search watches page" name="link should be present on banner and it should be clickable" time="0.543">
      <system-out><![CDATA[
COMMAND: POST /session/d3ba9af364089e51ab1bc326da4a3f992c11f26f/element - {"using":"css selector","value":"._FCF2BD5C1B05 .b-promobanner__info-btn"}
RESULT: {"using":"css selector","value":"._FCF2BD5C1B05 .b-promobanner__info-btn"}
COMMAND: GET /session/d3ba9af364089e51ab1bc326da4a3f992c11f26f/element/5/attribute/href - {}
RESULT: {}
COMMAND: POST /session/d3ba9af364089e51ab1bc326da4a3f992c11f26f/element - {"using":"css selector","value":"._FCF2BD5C1B05 .b-promobanner__info-btn"}
RESULT: {"using":"css selector","value":"._FCF2BD5C1B05 .b-promobanner__info-btn"}
COMMAND: GET /session/d3ba9af364089e51ab1bc326da4a3f992c11f26f/element/5/displayed - {}
RESULT: {}
COMMAND: POST /session/d3ba9af364089e51ab1bc326da4a3f992c11f26f/execute - {"script":"return (function isElementClickable(elem) {\n    if (!elem.getBoundingClientRect || !elem.scrollIntoView || !elem.contains || !elem.getClientRects || !document.elementFromPoint) {\n        return false; ... (5149 more bytes)","args":[{"element-6066-11e4-a52e-4f735466cecf":"5","ELEMENT":"5"}]}
RESULT: {"script":"return (function isElementClickable(elem) {\n    if (!elem.getBoundingClientRect || !elem.scrollIntoView || !elem.contains || !elem.getClientRects || !document.elementFromPoint) {\n        return false; ... (5149 more bytes)","args":[{"element-6066-11e4-a52e-4f735466cecf":"5","ELEMENT":"5"}]}
]]></system-out>
    </testcase>
    <testcase classname="chrome.90_0_4430_72.windows.search watches page" name="click on shopbutton and verify url" time="1.899">
      <system-out><![CDATA[
COMMAND: POST /session/d3ba9af364089e51ab1bc326da4a3f992c11f26f/element - {"using":"css selector","value":"._FCF2BD5C1B05 .b-promobanner__info-btn"}
RESULT: {"using":"css selector","value":"._FCF2BD5C1B05 .b-promobanner__info-btn"}
COMMAND: POST /session/d3ba9af364089e51ab1bc326da4a3f992c11f26f/element/5/click - {}
RESULT: {}
COMMAND: GET /session/d3ba9af364089e51ab1bc326da4a3f992c11f26f/url - {}
RESULT: {}
COMMAND: DELETE /session/d3ba9af364089e51ab1bc326da4a3f992c11f26f - {}
RESULT: {}
]]></system-out>
    </testcase>
  </testsuite>
</testsuites>