<?xml version="1.0" encoding="UTF-8"?>
<testsuites>
  <testsuite name="Ebay product search" timestamp="2021-04-19T18:06:48" time="0.02" tests="1" failures="0" errors="0" skipped="0">
    <properties>
      <property name="specId" value="0"/>
      <property name="suiteName" value="Ebay product search"/>
      <property name="capabilities" value="chrome.89_0_4389_114.win32"/>
      <property name="file" value=".\test\specs\eBayHomePageSearchNew.js"/>
    </properties>
    <testcase classname="chrome.89_0_4389_114.win32.Ebay product search" name="Open the url and verify updated search Category" time="0.003">
      <system-out><![CDATA[
COMMAND: deleteSession - {}
RESULT: undefined
]]></system-out>
    </testcase>
  </testsuite>
</testsuites>