<?xml version="1.0" encoding="UTF-8"?>
<testsuites>
  <testsuite name="search watches page" timestamp="2021-04-18T04:05:11" time="11.322" tests="4" failures="0" errors="0" skipped="0">
    <properties>
      <property name="specId" value="0"/>
      <property name="suiteName" value="search watches page"/>
      <property name="capabilities" value="chrome.89_0_4389_114.win32"/>
      <property name="file" value=".\test\specs\eBayWatchesSearch.js"/>
    </properties>
    <testcase classname="chrome.89_0_4389_114.win32.search watches page" name="Should show watch banner" time="2.311">
      <system-out><![CDATA[
COMMAND: findElement - {"using":"css selector","value":"section.b-module.b-promobanner.clearfix._FCF2BD5C1B05.d1img70"}
RESULT: undefined
COMMAND: executeScript - {"script":"return (function isElementDisplayed(element) {\n    function nodeIsElement(node) {\n        if (!node) {\n            return false;\n        }\n        switch (node.nodeType) {\n            case Node.ELEMEN ... (7762 more bytes)","args":[{"element-6066-11e4-a52e-4f735466cecf":"ELEMENT-6","ELEMENT":"ELEMENT-6"}]}
COMMAND: findElement - {"using":"css selector","value":"section.b-module.b-promobanner.clearfix._FCF2BD5C1B05.d1img70"}
RESULT: undefined
COMMAND: executeScript - {"script":"return (function isElementDisplayed(element) {\n    function nodeIsElement(node) {\n        if (!node) {\n            return false;\n        }\n        switch (node.nodeType) {\n            case Node.ELEMEN ... (7762 more bytes)","args":[{"element-6066-11e4-a52e-4f735466cecf":"ELEMENT-7","ELEMENT":"ELEMENT-7"}]}
RESULT: undefined
]]></system-out>
    </testcase>
    <testcase classname="chrome.89_0_4389_114.win32.search watches page" name="verifying banner title" time="0.309">
      <system-out><![CDATA[
COMMAND: findElement - {"using":"css selector","value":"._FCF2BD5C1B05 .b-promobanner__info-title"}
RESULT: undefined
COMMAND: getElementText - {"elementId":"ELEMENT-8"}
COMMAND: findElement - {"using":"css selector","value":"._FCF2BD5C1B05 .b-promobanner__info-title"}
RESULT: undefined
COMMAND: getElementText - {"elementId":"ELEMENT-8"}
COMMAND: findElement - {"using":"css selector","value":"._FCF2BD5C1B05 .b-promobanner__info-title"}
RESULT: undefined
COMMAND: getElementText - {"elementId":"ELEMENT-10"}
RESULT: undefined
]]></system-out>
    </testcase>
    <testcase classname="chrome.89_0_4389_114.win32.search watches page" name="link should be present on banner and it should be clickable" time="0.183">
      <system-out><![CDATA[
COMMAND: findElement - {"using":"css selector","value":"._FCF2BD5C1B05 .b-promobanner__info-btn"}
RESULT: undefined
COMMAND: getElementAttribute - {"elementId":"ELEMENT-11","name":"href"}
RESULT: undefined
COMMAND: findElement - {"using":"css selector","value":"._FCF2BD5C1B05 .b-promobanner__info-btn"}
RESULT: undefined
COMMAND: executeScript - {"script":"return (function isElementDisplayed(element) {\n    function nodeIsElement(node) {\n        if (!node) {\n            return false;\n        }\n        switch (node.nodeType) {\n            case Node.ELEMEN ... (7762 more bytes)","args":[{"element-6066-11e4-a52e-4f735466cecf":"ELEMENT-12","ELEMENT":"ELEMENT-12"}]}
RESULT: undefined
COMMAND: executeScript - {"script":"return (function isElementClickable(elem) {\n    if (!elem.getBoundingClientRect || !elem.scrollIntoView || !elem.contains || !elem.getClientRects || !document.elementFromPoint) {\n        return false; ... (5149 more bytes)","args":[{"element-6066-11e4-a52e-4f735466cecf":"ELEMENT-12","ELEMENT":"ELEMENT-12"}]}
RESULT: undefined
]]></system-out>
    </testcase>
    <testcase classname="chrome.89_0_4389_114.win32.search watches page" name="click on shopbutton and verify url" time="1.672">
      <system-out><![CDATA[
COMMAND: findElement - {"using":"css selector","value":"._FCF2BD5C1B05 .b-promobanner__info-btn"}
RESULT: undefined
COMMAND: elementClick - {"elementId":"ELEMENT-13"}
RESULT: undefined
COMMAND: getUrl - {}
RESULT: undefined
COMMAND: deleteSession - {}
RESULT: undefined
]]></system-out>
    </testcase>
  </testsuite>
</testsuites>