<?xml version="1.0" encoding="UTF-8"?>
<testsuites>
  <testsuite name="Ebay product search" timestamp="2021-04-17T01:42:37" time="3.508" tests="1" failures="0" errors="0" skipped="0">
    <properties>
      <property name="specId" value="0"/>
      <property name="suiteName" value="Ebay product search"/>
      <property name="capabilities" value="emulator-5554.android.10"/>
      <property name="file" value=".\test\specs\urlTest.js"/>
    </properties>
    <testcase classname="emulator-5554.android.10.Ebay product search" name="Open the url and verify the title" time="3.494">
      <system-out><![CDATA[
COMMAND: POST /session/26d5c25c-65ab-4e50-8538-00ee431ba46b/url - {"url":"https://www.ebay.com/"}
RESULT: {"url":"https://www.ebay.com/"}
COMMAND: GET /session/26d5c25c-65ab-4e50-8538-00ee431ba46b/title - {}
RESULT: {}
COMMAND: DELETE /session/26d5c25c-65ab-4e50-8538-00ee431ba46b - {}
RESULT: {}
]]></system-out>
    </testcase>
  </testsuite>
</testsuites>