<?xml version="1.0" encoding="UTF-8"?>
<testsuites>
  <testsuite name="Test Mobile" timestamp="2021-04-17T01:18:21" time="2.746" tests="1" failures="0" errors="0" skipped="0">
    <properties>
      <property name="specId" value="0"/>
      <property name="suiteName" value="Test Mobile"/>
      <property name="capabilities" value="emulator-5554.android.10"/>
      <property name="file" value=".\test\specs\urlTest.js"/>
    </properties>
    <testcase classname="emulator-5554.android.10.Test Mobile" name="Tetsing Mobile" time="2.726">
      <system-out><![CDATA[
COMMAND: POST /session/e33ebdad-90dc-4480-bf01-3b0c0a97adbe/url - {"url":"https://www.ebay.com/"}
RESULT: {"url":"https://www.ebay.com/"}
COMMAND: DELETE /session/e33ebdad-90dc-4480-bf01-3b0c0a97adbe - {}
RESULT: {}
]]></system-out>
    </testcase>
  </testsuite>
</testsuites>