<?xml version="1.0" encoding="UTF-8"?>
<testsuites>
  <testsuite name="Ebay product search" timestamp="2021-04-17T01:23:46" time="34.137" tests="4" failures="3" errors="3" skipped="0">
    <properties>
      <property name="specId" value="0"/>
      <property name="suiteName" value="Ebay product search"/>
      <property name="capabilities" value="emulator-5554.android.10"/>
      <property name="file" value=".\test\specs\urlTest.js"/>
    </properties>
    <testcase classname="emulator-5554.android.10.Ebay product search" name="Open the url and verify the title" time="3.496">
      <system-out><![CDATA[
COMMAND: POST /session/e65757f1-6295-4d36-b1f8-cd35059676b7/url - {"url":"https://www.ebay.com/"}
RESULT: {"url":"https://www.ebay.com/"}
COMMAND: GET /session/e65757f1-6295-4d36-b1f8-cd35059676b7/title - {}
RESULT: {}
]]></system-out>
    </testcase>
    <testcase classname="emulator-5554.android.10.Ebay product search" name="Search for prodsuct and verify product search value" time="10.508">
      <failure/>
      <error message="Can't call addValue on element with selector &quot;#gh-ac&quot; because element wasn't found"/>
      <system-out><![CDATA[
COMMAND: POST /session/e65757f1-6295-4d36-b1f8-cd35059676b7/element - {"using":"css selector","value":"#gh-ac"}
RESULT: {"using":"css selector","value":"#gh-ac"}
COMMAND: POST /session/e65757f1-6295-4d36-b1f8-cd35059676b7/elements - {"using":"css selector","value":"#gh-ac"}
RESULT: {"using":"css selector","value":"#gh-ac"}
COMMAND: POST /session/e65757f1-6295-4d36-b1f8-cd35059676b7/elements - {"using":"css selector","value":"#gh-ac"}
RESULT: {"using":"css selector","value":"#gh-ac"}
COMMAND: POST /session/e65757f1-6295-4d36-b1f8-cd35059676b7/elements - {"using":"css selector","value":"#gh-ac"}
RESULT: {"using":"css selector","value":"#gh-ac"}
COMMAND: POST /session/e65757f1-6295-4d36-b1f8-cd35059676b7/elements - {"using":"css selector","value":"#gh-ac"}
RESULT: {"using":"css selector","value":"#gh-ac"}
COMMAND: POST /session/e65757f1-6295-4d36-b1f8-cd35059676b7/elements - {"using":"css selector","value":"#gh-ac"}
RESULT: {"using":"css selector","value":"#gh-ac"}
COMMAND: POST /session/e65757f1-6295-4d36-b1f8-cd35059676b7/elements - {"using":"css selector","value":"#gh-ac"}
RESULT: {"using":"css selector","value":"#gh-ac"}
COMMAND: POST /session/e65757f1-6295-4d36-b1f8-cd35059676b7/elements - {"using":"css selector","value":"#gh-ac"}
RESULT: {"using":"css selector","value":"#gh-ac"}
COMMAND: POST /session/e65757f1-6295-4d36-b1f8-cd35059676b7/elements - {"using":"css selector","value":"#gh-ac"}
RESULT: {"using":"css selector","value":"#gh-ac"}
COMMAND: POST /session/e65757f1-6295-4d36-b1f8-cd35059676b7/elements - {"using":"css selector","value":"#gh-ac"}
RESULT: {"using":"css selector","value":"#gh-ac"}
COMMAND: POST /session/e65757f1-6295-4d36-b1f8-cd35059676b7/elements - {"using":"css selector","value":"#gh-ac"}
RESULT: {"using":"css selector","value":"#gh-ac"}
COMMAND: POST /session/e65757f1-6295-4d36-b1f8-cd35059676b7/elements - {"using":"css selector","value":"#gh-ac"}
RESULT: {"using":"css selector","value":"#gh-ac"}
COMMAND: POST /session/e65757f1-6295-4d36-b1f8-cd35059676b7/elements - {"using":"css selector","value":"#gh-ac"}
RESULT: {"using":"css selector","value":"#gh-ac"}
COMMAND: POST /session/e65757f1-6295-4d36-b1f8-cd35059676b7/elements - {"using":"css selector","value":"#gh-ac"}
RESULT: {"using":"css selector","value":"#gh-ac"}
COMMAND: POST /session/e65757f1-6295-4d36-b1f8-cd35059676b7/elements - {"using":"css selector","value":"#gh-ac"}
RESULT: {"using":"css selector","value":"#gh-ac"}
COMMAND: POST /session/e65757f1-6295-4d36-b1f8-cd35059676b7/elements - {"using":"css selector","value":"#gh-ac"}
RESULT: {"using":"css selector","value":"#gh-ac"}
COMMAND: POST /session/e65757f1-6295-4d36-b1f8-cd35059676b7/elements - {"using":"css selector","value":"#gh-ac"}
RESULT: {"using":"css selector","value":"#gh-ac"}
COMMAND: POST /session/e65757f1-6295-4d36-b1f8-cd35059676b7/elements - {"using":"css selector","value":"#gh-ac"}
RESULT: {"using":"css selector","value":"#gh-ac"}
COMMAND: POST /session/e65757f1-6295-4d36-b1f8-cd35059676b7/elements - {"using":"css selector","value":"#gh-ac"}
RESULT: {"using":"css selector","value":"#gh-ac"}
COMMAND: POST /session/e65757f1-6295-4d36-b1f8-cd35059676b7/elements - {"using":"css selector","value":"#gh-ac"}
RESULT: {"using":"css selector","value":"#gh-ac"}
COMMAND: POST /session/e65757f1-6295-4d36-b1f8-cd35059676b7/elements - {"using":"css selector","value":"#gh-ac"}
RESULT: {"using":"css selector","value":"#gh-ac"}
]]></system-out>
      <system-err><![CDATA[
Error: Can't call addValue on element with selector "#gh-ac" because element wasn't found
    at Object.implicitWait [as default] (C:\Users\sprakesh\Projects\webdriverioframe-pli\node_modules\@wdio\runner\node_modules\webdriverio\build\utils\implicitWait.js:34:19)
    at Element.elementErrorHandlerCallbackFn (C:\Users\sprakesh\Projects\webdriverioframe-pli\node_modules\@wdio\runner\node_modules\webdriverio\build\middlewares.js:19:29)
    at Element.runCommandWithHooks (C:\Users\sprakesh\Projects\webdriverioframe-pli\node_modules\@wdio\sync\build\wrapCommand.js:105:25)
    at Element.runCommandWithHooks (C:\Users\sprakesh\Projects\webdriverioframe-pli\node_modules\@wdio\sync\build\wrapCommand.js:100:24)
    at Element.wrapCommandFn (C:\Users\sprakesh\Projects\webdriverioframe-pli\node_modules\@wdio\sync\build\wrapCommand.js:67:44)
    at Element.addValue (C:\Users\sprakesh\Projects\webdriverioframe-pli\node_modules\@wdio\runner\node_modules\webdriverio\build\middlewares.js:44:12)
    at Context.<anonymous> (C:\Users\sprakesh\Projects\webdriverioFrame-pli\test\specs\/urlTest.js:20:34)
    at Context.executeSync (C:\Users\sprakesh\Projects\webdriverioframe-pli\node_modules\@wdio\sync\build\index.js:38:22)
    at C:\Users\sprakesh\Projects\webdriverioframe-pli\node_modules\@wdio\sync\build\index.js:69:68
]]></system-err>
    </testcase>
    <testcase classname="emulator-5554.android.10.Ebay product search" name="navigate to new page and verify titile" time="10.012">
      <failure/>
      <error message="Expect window to have title&#xA;&#xA;Expected: &quot;Laptop | eBay&quot;&#xA;Received: &quot;Electronics, Cars, Fashion, Collectibles &amp; More | eBay&quot;"/>
      <system-out><![CDATA[
COMMAND: GET /session/e65757f1-6295-4d36-b1f8-cd35059676b7/title - {}
RESULT: {}
COMMAND: GET /session/e65757f1-6295-4d36-b1f8-cd35059676b7/title - {}
RESULT: {}
COMMAND: GET /session/e65757f1-6295-4d36-b1f8-cd35059676b7/title - {}
RESULT: {}
COMMAND: GET /session/e65757f1-6295-4d36-b1f8-cd35059676b7/title - {}
RESULT: {}
COMMAND: GET /session/e65757f1-6295-4d36-b1f8-cd35059676b7/title - {}
RESULT: {}
COMMAND: GET /session/e65757f1-6295-4d36-b1f8-cd35059676b7/title - {}
RESULT: {}
COMMAND: GET /session/e65757f1-6295-4d36-b1f8-cd35059676b7/title - {}
RESULT: {}
COMMAND: GET /session/e65757f1-6295-4d36-b1f8-cd35059676b7/title - {}
RESULT: {}
COMMAND: GET /session/e65757f1-6295-4d36-b1f8-cd35059676b7/title - {}
RESULT: {}
COMMAND: GET /session/e65757f1-6295-4d36-b1f8-cd35059676b7/title - {}
RESULT: {}
COMMAND: GET /session/e65757f1-6295-4d36-b1f8-cd35059676b7/title - {}
RESULT: {}
COMMAND: GET /session/e65757f1-6295-4d36-b1f8-cd35059676b7/title - {}
RESULT: {}
COMMAND: GET /session/e65757f1-6295-4d36-b1f8-cd35059676b7/title - {}
RESULT: {}
COMMAND: GET /session/e65757f1-6295-4d36-b1f8-cd35059676b7/title - {}
RESULT: {}
COMMAND: GET /session/e65757f1-6295-4d36-b1f8-cd35059676b7/title - {}
RESULT: {}
COMMAND: GET /session/e65757f1-6295-4d36-b1f8-cd35059676b7/title - {}
RESULT: {}
COMMAND: GET /session/e65757f1-6295-4d36-b1f8-cd35059676b7/title - {}
RESULT: {}
COMMAND: GET /session/e65757f1-6295-4d36-b1f8-cd35059676b7/title - {}
RESULT: {}
COMMAND: GET /session/e65757f1-6295-4d36-b1f8-cd35059676b7/title - {}
RESULT: {}
COMMAND: GET /session/e65757f1-6295-4d36-b1f8-cd35059676b7/title - {}
RESULT: {}
]]></system-out>
      <system-err><![CDATA[
Error: Expect window to have title

Expected: "Laptop | eBay"
Received: "Electronics, Cars, Fashion, Collectibles & More | eBay"
    at Context.<anonymous> (C:\Users\sprakesh\Projects\webdriverioFrame-pli\test\specs\/urlTest.js:31:25)
    at Context.executeSync (C:\Users\sprakesh\Projects\webdriverioframe-pli\node_modules\@wdio\sync\build\index.js:38:22)
    at C:\Users\sprakesh\Projects\webdriverioframe-pli\node_modules\@wdio\sync\build\index.js:69:68
]]></system-err>
    </testcase>
    <testcase classname="emulator-5554.android.10.Ebay product search" name="Should update search category" time="10.105">
      <failure/>
      <error message="Expect $(`#gh-cat option:nth-child(1)`) to have text&#xA;&#xA;Expected: &quot;SATYA Laptops &amp; Netbooks&quot;&#xA;Received: undefined"/>
      <system-out><![CDATA[
COMMAND: POST /session/e65757f1-6295-4d36-b1f8-cd35059676b7/element - {"using":"css selector","value":"#gh-cat option:nth-child(1)"}
RESULT: {"using":"css selector","value":"#gh-cat option:nth-child(1)"}
COMMAND: POST /session/e65757f1-6295-4d36-b1f8-cd35059676b7/elements - {"using":"css selector","value":"#gh-cat option:nth-child(1)"}
RESULT: {"using":"css selector","value":"#gh-cat option:nth-child(1)"}
COMMAND: POST /session/e65757f1-6295-4d36-b1f8-cd35059676b7/elements - {"using":"css selector","value":"#gh-cat option:nth-child(1)"}
RESULT: {"using":"css selector","value":"#gh-cat option:nth-child(1)"}
COMMAND: POST /session/e65757f1-6295-4d36-b1f8-cd35059676b7/elements - {"using":"css selector","value":"#gh-cat option:nth-child(1)"}
RESULT: {"using":"css selector","value":"#gh-cat option:nth-child(1)"}
COMMAND: POST /session/e65757f1-6295-4d36-b1f8-cd35059676b7/elements - {"using":"css selector","value":"#gh-cat option:nth-child(1)"}
RESULT: {"using":"css selector","value":"#gh-cat option:nth-child(1)"}
COMMAND: POST /session/e65757f1-6295-4d36-b1f8-cd35059676b7/elements - {"using":"css selector","value":"#gh-cat option:nth-child(1)"}
RESULT: {"using":"css selector","value":"#gh-cat option:nth-child(1)"}
COMMAND: POST /session/e65757f1-6295-4d36-b1f8-cd35059676b7/elements - {"using":"css selector","value":"#gh-cat option:nth-child(1)"}
RESULT: {"using":"css selector","value":"#gh-cat option:nth-child(1)"}
COMMAND: POST /session/e65757f1-6295-4d36-b1f8-cd35059676b7/elements - {"using":"css selector","value":"#gh-cat option:nth-child(1)"}
RESULT: {"using":"css selector","value":"#gh-cat option:nth-child(1)"}
COMMAND: POST /session/e65757f1-6295-4d36-b1f8-cd35059676b7/elements - {"using":"css selector","value":"#gh-cat option:nth-child(1)"}
RESULT: {"using":"css selector","value":"#gh-cat option:nth-child(1)"}
COMMAND: POST /session/e65757f1-6295-4d36-b1f8-cd35059676b7/elements - {"using":"css selector","value":"#gh-cat option:nth-child(1)"}
RESULT: {"using":"css selector","value":"#gh-cat option:nth-child(1)"}
COMMAND: POST /session/e65757f1-6295-4d36-b1f8-cd35059676b7/elements - {"using":"css selector","value":"#gh-cat option:nth-child(1)"}
RESULT: {"using":"css selector","value":"#gh-cat option:nth-child(1)"}
COMMAND: POST /session/e65757f1-6295-4d36-b1f8-cd35059676b7/elements - {"using":"css selector","value":"#gh-cat option:nth-child(1)"}
RESULT: {"using":"css selector","value":"#gh-cat option:nth-child(1)"}
COMMAND: POST /session/e65757f1-6295-4d36-b1f8-cd35059676b7/elements - {"using":"css selector","value":"#gh-cat option:nth-child(1)"}
RESULT: {"using":"css selector","value":"#gh-cat option:nth-child(1)"}
COMMAND: POST /session/e65757f1-6295-4d36-b1f8-cd35059676b7/elements - {"using":"css selector","value":"#gh-cat option:nth-child(1)"}
RESULT: {"using":"css selector","value":"#gh-cat option:nth-child(1)"}
COMMAND: POST /session/e65757f1-6295-4d36-b1f8-cd35059676b7/elements - {"using":"css selector","value":"#gh-cat option:nth-child(1)"}
RESULT: {"using":"css selector","value":"#gh-cat option:nth-child(1)"}
COMMAND: POST /session/e65757f1-6295-4d36-b1f8-cd35059676b7/elements - {"using":"css selector","value":"#gh-cat option:nth-child(1)"}
RESULT: {"using":"css selector","value":"#gh-cat option:nth-child(1)"}
COMMAND: POST /session/e65757f1-6295-4d36-b1f8-cd35059676b7/elements - {"using":"css selector","value":"#gh-cat option:nth-child(1)"}
RESULT: {"using":"css selector","value":"#gh-cat option:nth-child(1)"}
COMMAND: POST /session/e65757f1-6295-4d36-b1f8-cd35059676b7/elements - {"using":"css selector","value":"#gh-cat option:nth-child(1)"}
RESULT: {"using":"css selector","value":"#gh-cat option:nth-child(1)"}
COMMAND: POST /session/e65757f1-6295-4d36-b1f8-cd35059676b7/elements - {"using":"css selector","value":"#gh-cat option:nth-child(1)"}
RESULT: {"using":"css selector","value":"#gh-cat option:nth-child(1)"}
COMMAND: POST /session/e65757f1-6295-4d36-b1f8-cd35059676b7/elements - {"using":"css selector","value":"#gh-cat option:nth-child(1)"}
RESULT: {"using":"css selector","value":"#gh-cat option:nth-child(1)"}
COMMAND: POST /session/e65757f1-6295-4d36-b1f8-cd35059676b7/elements - {"using":"css selector","value":"#gh-cat option:nth-child(1)"}
RESULT: {"using":"css selector","value":"#gh-cat option:nth-child(1)"}
COMMAND: DELETE /session/e65757f1-6295-4d36-b1f8-cd35059676b7 - {}
RESULT: {}
]]></system-out>
      <system-err><![CDATA[
Error: Expect $(`#gh-cat option:nth-child(1)`) to have text

Expected: "SATYA Laptops & Netbooks"
Received: undefined
    at Context.<anonymous> (C:\Users\sprakesh\Projects\webdriverioFrame-pli\test\specs\/urlTest.js:41:35)
    at Context.executeSync (C:\Users\sprakesh\Projects\webdriverioframe-pli\node_modules\@wdio\sync\build\index.js:38:22)
    at C:\Users\sprakesh\Projects\webdriverioframe-pli\node_modules\@wdio\sync\build\index.js:69:68
]]></system-err>
    </testcase>
  </testsuite>
</testsuites>