<?xml version="1.0" encoding="UTF-8"?>
<testsuites>
  <testsuite name="Test Mobile" timestamp="2021-04-17T00:58:23" time="0.021" tests="1" failures="0" errors="0" skipped="0">
    <properties>
      <property name="specId" value="0"/>
      <property name="suiteName" value="Test Mobile"/>
      <property name="capabilities" value="emulator-5554.android.10"/>
      <property name="file" value=".\test\specs\urlTest.js"/>
    </properties>
    <testcase classname="emulator-5554.android.10.Test Mobile" name="Tetsing Mobile" time="0.002">
      <system-out><![CDATA[
COMMAND: DELETE /session/e43af828-be0c-455f-8939-f911f15a9dff - {}
RESULT: {}
]]></system-out>
    </testcase>
  </testsuite>
</testsuites>