<?xml version="1.0" encoding="UTF-8"?>
<testsuites>
  <testsuite name="Launch eBay and verify E2E flow" timestamp="2021-04-20T06:48:23" time="7.817" tests="1" failures="0" errors="0" skipped="0">
    <properties>
      <property name="specId" value="0"/>
      <property name="suiteName" value="Launch eBay and verify E2E flow"/>
      <property name="capabilities" value="chrome.89_0_4389_114.win32"/>
      <property name="file" value=".\test\specs\eBayTotal.js"/>
    </properties>
    <testcase classname="chrome.89_0_4389_114.win32.Launch eBay and verify E2E flow" name="verify e22 search Category" time="7.802">
      <system-out><![CDATA[
COMMAND: navigateTo - {"url":"https://www.ebay.com/"}
RESULT: undefined
COMMAND: getTitle - {}
RESULT: undefined
COMMAND: findElement - {"using":"css selector","value":"#gh-ac"}
RESULT: undefined
COMMAND: elementSendKeys - {"elementId":"ELEMENT-1","text":"Laptop"}
RESULT: undefined
COMMAND: findElement - {"using":"css selector","value":"#gh-btn"}
RESULT: undefined
COMMAND: elementClick - {"elementId":"ELEMENT-2"}
RESULT: undefined
COMMAND: findElement - {"using":"css selector","value":"#gh-ac"}
RESULT: undefined
COMMAND: isElementEnabled - {"elementId":"ELEMENT-3"}
RESULT: undefined
COMMAND: findElement - {"using":"css selector","value":"#gh-ac"}
RESULT: undefined
COMMAND: getElementProperty - {"elementId":"ELEMENT-4","name":"value"}
RESULT: undefined
COMMAND: deleteSession - {}
RESULT: undefined
]]></system-out>
    </testcase>
  </testsuite>
</testsuites>