<?xml version="1.0" encoding="UTF-8"?>
<testsuites>
  <testsuite name="Ebay product search" timestamp="2021-05-28T15:34:11" time="5.185" tests="1" failures="0" errors="0" skipped="0">
    <properties>
      <property name="specId" value="0"/>
      <property name="suiteName" value="Ebay product search"/>
      <property name="capabilities" value="chrome.90_0_4430_212.win32"/>
      <property name="file" value=".\test\specs\eBayHomePageSearch.js"/>
    </properties>
    <testcase classname="chrome.90_0_4430_212.win32.Ebay product search" name="Open the url and verify the title" time="5.171">
      <system-out><![CDATA[
COMMAND: navigateTo - {"url":"https://www.ebay.com/"}
RESULT: undefined
COMMAND: getTitle - {}
RESULT: undefined
COMMAND: findElement - {"using":"css selector","value":"#gh-ac"}
RESULT: undefined
COMMAND: elementSendKeys - {"elementId":"ELEMENT-1","text":"Laptop"}
COMMAND: findElement - {"using":"css selector","value":"#gh-ac"}
RESULT: undefined
COMMAND: elementSendKeys - {"elementId":"ELEMENT-1","text":"Laptop"}
COMMAND: findElement - {"using":"css selector","value":"#gh-ac"}
RESULT: undefined
COMMAND: elementSendKeys - {"elementId":"ELEMENT-3","text":"Laptop"}
RESULT: undefined
COMMAND: findElement - {"using":"css selector","value":"#gh-btn"}
RESULT: undefined
COMMAND: elementClick - {"elementId":"ELEMENT-4"}
COMMAND: findElement - {"using":"css selector","value":"#gh-btn"}
RESULT: undefined
COMMAND: elementClick - {"elementId":"ELEMENT-4"}
COMMAND: findElement - {"using":"css selector","value":"#gh-btn"}
RESULT: undefined
COMMAND: elementClick - {"elementId":"ELEMENT-6"}
RESULT: undefined
COMMAND: findElement - {"using":"css selector","value":"#gh-ac"}
RESULT: undefined
COMMAND: isElementEnabled - {"elementId":"ELEMENT-7"}
RESULT: undefined
COMMAND: findElement - {"using":"css selector","value":"#gh-ac"}
RESULT: undefined
COMMAND: getElementProperty - {"elementId":"ELEMENT-8","name":"value"}
RESULT: undefined
COMMAND: getTitle - {}
RESULT: undefined
COMMAND: findElement - {"using":"css selector","value":"#gh-cat option:nth-child(1)"}
RESULT: undefined
COMMAND: getElementText - {"elementId":"ELEMENT-9"}
RESULT: undefined
COMMAND: deleteSession - {}
RESULT: undefined
]]></system-out>
    </testcase>
  </testsuite>
</testsuites>