<?xml version="1.0" encoding="UTF-8"?>
<testsuites>
  <testsuite name="search watches page" timestamp="2021-04-19T10:07:47" time="13.514" tests="4" failures="0" errors="0" skipped="0">
    <properties>
      <property name="specId" value="0"/>
      <property name="suiteName" value="search watches page"/>
      <property name="capabilities" value="chrome.89_0_4389_114.win32"/>
      <property name="file" value=".\test\specs\eBayWatchesSearch.js"/>
    </properties>
    <testcase classname="chrome.89_0_4389_114.win32.search watches page" name="Should show watch banner" time="2.653">
      <system-out><![CDATA[
COMMAND: findElement - {"using":"css selector","value":"section.b-module.b-promobanner.clearfix._FCF2BD5C1B05.d1img70"}
RESULT: undefined
COMMAND: executeScript - {"script":"return (function isElementDisplayed(element) {\n    function nodeIsElement(node) {\n        if (!node) {\n            return false;\n        }\n        switch (node.nodeType) {\n            case Node.ELEMEN ... (7762 more bytes)","args":[{"element-6066-11e4-a52e-4f735466cecf":"ELEMENT-5","ELEMENT":"ELEMENT-5"}]}
RESULT: undefined
]]></system-out>
    </testcase>
    <testcase classname="chrome.89_0_4389_114.win32.search watches page" name="verifying banner title" time="0.02">
      <system-out><![CDATA[
COMMAND: findElement - {"using":"css selector","value":"._FCF2BD5C1B05 .b-promobanner__info-title"}
RESULT: undefined
COMMAND: getElementText - {"elementId":"ELEMENT-6"}
RESULT: undefined
]]></system-out>
    </testcase>
    <testcase classname="chrome.89_0_4389_114.win32.search watches page" name="link should be present on banner and it should be clickable" time="0.061">
      <system-out><![CDATA[
COMMAND: findElement - {"using":"css selector","value":"._FCF2BD5C1B05 .b-promobanner__info-btn"}
RESULT: undefined
COMMAND: getElementAttribute - {"elementId":"ELEMENT-7","name":"href"}
RESULT: undefined
COMMAND: findElement - {"using":"css selector","value":"._FCF2BD5C1B05 .b-promobanner__info-btn"}
RESULT: undefined
COMMAND: executeScript - {"script":"return (function isElementDisplayed(element) {\n    function nodeIsElement(node) {\n        if (!node) {\n            return false;\n        }\n        switch (node.nodeType) {\n            case Node.ELEMEN ... (7762 more bytes)","args":[{"element-6066-11e4-a52e-4f735466cecf":"ELEMENT-8","ELEMENT":"ELEMENT-8"}]}
RESULT: undefined
COMMAND: executeScript - {"script":"return (function isElementClickable(elem) {\n    if (!elem.getBoundingClientRect || !elem.scrollIntoView || !elem.contains || !elem.getClientRects || !document.elementFromPoint) {\n        return false; ... (5149 more bytes)","args":[{"element-6066-11e4-a52e-4f735466cecf":"ELEMENT-8","ELEMENT":"ELEMENT-8"}]}
RESULT: undefined
]]></system-out>
    </testcase>
    <testcase classname="chrome.89_0_4389_114.win32.search watches page" name="click on shopbutton and verify url" time="6.285">
      <system-out><![CDATA[
COMMAND: findElement - {"using":"css selector","value":"._FCF2BD5C1B05 .b-promobanner__info-btn"}
RESULT: undefined
COMMAND: elementClick - {"elementId":"ELEMENT-9"}
RESULT: undefined
COMMAND: getUrl - {}
RESULT: undefined
COMMAND: deleteSession - {}
RESULT: undefined
]]></system-out>
    </testcase>
  </testsuite>
</testsuites>